<?xml version="1.0" encoding="UTF-8"?>
<!-- Generated by org.testng.reporters.JUnitReportReporter -->
<testsuite hostname="haroonr-5530" name="com.crm.qa.testcases.HomePageTest" tests="1" failures="0" timestamp="30 Oct 2019 11:31:57 GMT" time="46.644" errors="0">
  <testcase name="testClickOnCurrentDate" time="46.644" classname="com.crm.qa.testcases.HomePageTest"/>
</testsuite> <!-- com.crm.qa.testcases.HomePageTest -->
