<?xml version="1.0" encoding="UTF-8"?>
<!-- Generated by org.testng.reporters.JUnitReportReporter -->
<testsuite hostname="haroonr-5530" name="com.crm.qa.testcases.LoginPageTest" tests="2" failures="0" timestamp="6 Aug 2019 16:38:13 GMT" time="35.801" errors="0">
  <testcase name="loginPageTitleTest" time="17.736" classname="com.crm.qa.testcases.LoginPageTest"/>
  <testcase name="loginTest" time="18.065" classname="com.crm.qa.testcases.LoginPageTest"/>
</testsuite> <!-- com.crm.qa.testcases.LoginPageTest -->
