<?xml version="1.0" encoding="UTF-8"?>
<!-- Generated by org.testng.reporters.JUnitReportReporter -->
<testsuite hostname="haroonr-5530" name="com.crm.qa.testcases.StartPageTest" tests="1" failures="0" timestamp="6 Aug 2019 16:38:13 GMT" time="16.003" errors="0">
  <testcase name="clickLognBtn" time="16.003" classname="com.crm.qa.testcases.StartPageTest"/>
</testsuite> <!-- com.crm.qa.testcases.StartPageTest -->
