<?xml version="1.0" encoding="UTF-8"?>
<!-- Generated by org.testng.reporters.JUnitReportReporter -->
<testsuite skipped="0" hostname="haroonr-e5570" name="com.crm.qa.testcases.HomePageTest" tests="1" failures="0" timestamp="18 Jun 2019 15:45:02 GMT" time="31.354" errors="0">
  <testcase name="testClickOnCurrentDate" time="31.354" classname="com.crm.qa.testcases.HomePageTest"/>
</testsuite> <!-- com.crm.qa.testcases.HomePageTest -->
