<?xml version="1.0" encoding="UTF-8"?>
<!-- Generated by org.testng.reporters.JUnitReportReporter -->
<testsuite skipped="0" hostname="haroonr-e5570" name="com.crm.qa.testcases.ContactsPageTest" tests="1" failures="0" timestamp="18 Jun 2019 13:04:07 GMT" time="24.840" errors="0">
  <testcase name="clickOnCurrentDate" time="24.840" classname="com.crm.qa.testcases.ContactsPageTest"/>
</testsuite> <!-- com.crm.qa.testcases.ContactsPageTest -->
