<?xml version="1.0" encoding="UTF-8"?>
<!-- Generated by org.testng.reporters.JUnitReportReporter -->
<testsuite skipped="0" hostname="haroonr-e5570" name="com.crm.qa.testcases.LoginPageTest" tests="2" failures="0" timestamp="14 Jun 2019 16:17:04 GMT" time="28.815" errors="0">
  <testcase name="loginPageTitleTest" time="13.758" classname="com.crm.qa.testcases.LoginPageTest"/>
  <testcase name="loginTest" time="15.057" classname="com.crm.qa.testcases.LoginPageTest"/>
</testsuite> <!-- com.crm.qa.testcases.LoginPageTest -->
