<?xml version="1.0" encoding="UTF-8"?>
<!-- Generated by org.testng.reporters.JUnitReportReporter -->
<testsuite hostname="haroonr-5530" name="com.crm.qa.testcases.HomePageTest" tests="1" failures="0" timestamp="6 Aug 2019 14:13:51 GMT" time="22.068" errors="0">
  <testcase name="verifyTitle" time="22.068" classname="com.crm.qa.testcases.HomePageTest"/>
</testsuite> <!-- com.crm.qa.testcases.HomePageTest -->
