<?xml version="1.0" encoding="UTF-8"?>
<!-- Generated by org.testng.reporters.JUnitReportReporter -->
<testsuite hostname="haroonr-5530" name="com.crm.qa.testcases.ContactsPageTest" tests="8" failures="0" timestamp="6 Aug 2019 16:38:13 GMT" time="248.611" errors="0">
  <testcase name="createNewContactsTest" time="30.328" classname="com.crm.qa.testcases.ContactsPageTest"/>
  <testcase name="createNewContactsTest" time="29.862" classname="com.crm.qa.testcases.ContactsPageTest"/>
  <testcase name="deleteContact" time="44.399" classname="com.crm.qa.testcases.ContactsPageTest"/>
  <testcase name="createNewContactsTest" time="30.148" classname="com.crm.qa.testcases.ContactsPageTest"/>
  <testcase name="verifyContactsLabelTest" time="26.466" classname="com.crm.qa.testcases.ContactsPageTest"/>
  <testcase name="createNewContactsTest" time="30.032" classname="com.crm.qa.testcases.ContactsPageTest"/>
  <testcase name="createNewContactsTest" time="30.406" classname="com.crm.qa.testcases.ContactsPageTest"/>
  <testcase name="clickOnContactCheckBoxTest" time="26.970" classname="com.crm.qa.testcases.ContactsPageTest"/>
</testsuite> <!-- com.crm.qa.testcases.ContactsPageTest -->
