<?xml version="1.0" encoding="UTF-8"?>
<!-- Generated by org.testng.reporters.JUnitReportReporter -->
<testsuite hostname="haroonr-5530" name="com.crm.qa.testcases.HomePageTest" tests="5" failures="0" timestamp="6 Aug 2019 16:38:13 GMT" time="122.424" errors="0">
  <testcase name="clickOnNewContactLinkTest" time="24.544" classname="com.crm.qa.testcases.HomePageTest"/>
  <testcase name="verifyUserNameIsDisplayed" time="19.871" classname="com.crm.qa.testcases.HomePageTest"/>
  <testcase name="verifyContactLink" time="20.620" classname="com.crm.qa.testcases.HomePageTest"/>
  <testcase name="verifyTitle" time="19.591" classname="com.crm.qa.testcases.HomePageTest"/>
  <testcase name="testClickOnCurrentDate" time="37.798" classname="com.crm.qa.testcases.HomePageTest"/>
</testsuite> <!-- com.crm.qa.testcases.HomePageTest -->
