<?xml version="1.0" encoding="UTF-8"?>
<!-- Generated by org.testng.reporters.JUnitReportReporter -->
<testsuite skipped="0" hostname="haroonr-e5570" name="com.crm.qa.testcases.StartPageTest" tests="1" failures="0" timestamp="14 Jun 2019 15:59:36 GMT" time="13.045" errors="0">
  <testcase name="clickLognBtn" time="13.045" classname="com.crm.qa.testcases.StartPageTest"/>
</testsuite> <!-- com.crm.qa.testcases.StartPageTest -->
