<?xml version="1.0" encoding="UTF-8"?>
<!-- Generated by org.testng.reporters.JUnitReportReporter -->
<testsuite skipped="0" hostname="haroonr-e5570" name="com.crm.qa.testcases.HomePageTest" tests="1" failures="0" timestamp="19 Jun 2019 08:26:01 GMT" time="40.914" errors="0">
  <testcase name="testClickOnCurrentDate" time="40.914" classname="com.crm.qa.testcases.HomePageTest"/>
</testsuite> <!-- com.crm.qa.testcases.HomePageTest -->
