<?xml version="1.0" encoding="UTF-8"?>
<!-- Generated by org.testng.reporters.JUnitReportReporter -->
<testsuite hostname="haroonr-5530" name="com.crm.qa.testcases.ClassicLoginPageTest" tests="3" failures="0" timestamp="6 Aug 2019 16:38:13 GMT" time="65.384" errors="0">
  <testcase name="validateImagedisplayed" time="20.153" classname="com.crm.qa.testcases.ClassicLoginPageTest"/>
  <testcase name="clickLogin" time="28.448" classname="com.crm.qa.testcases.ClassicLoginPageTest"/>
  <testcase name="validateTitle" time="16.783" classname="com.crm.qa.testcases.ClassicLoginPageTest"/>
</testsuite> <!-- com.crm.qa.testcases.ClassicLoginPageTest -->
