<?xml version="1.0" encoding="UTF-8"?>
<!-- Generated by org.testng.reporters.JUnitReportReporter -->
<testsuite skipped="0" hostname="haroonr-e5570" name="com.crm.qa.testcases.ClassicLoginPageTest" tests="3" failures="0" timestamp="17 Jun 2019 11:11:08 GMT" time="57.765" errors="0">
  <testcase name="validateTitle" time="12.917" classname="com.crm.qa.testcases.ClassicLoginPageTest"/>
  <testcase name="validateImagedisplayed" time="20.507" classname="com.crm.qa.testcases.ClassicLoginPageTest"/>
  <testcase name="clickLogin" time="24.341" classname="com.crm.qa.testcases.ClassicLoginPageTest"/>
</testsuite> <!-- com.crm.qa.testcases.ClassicLoginPageTest -->
